<?xml version="1.0" encoding="UTF-8"?>
<testng-results ignored="0" total="10" passed="10" failed="0" skipped="0">
  <reporter-output>
  </reporter-output>
  <suite started-at="2023-07-31T19:18:03 IST" name="freeCRM" finished-at="2023-07-31T19:23:26 IST" duration-ms="322600">
    <groups>
    </groups>
    <test started-at="2023-07-31T19:18:03 IST" name="CRMTest" finished-at="2023-07-31T19:23:26 IST" duration-ms="322600">
      <class name="com.qa.testcases.HomePageTest">
        <test-method is-config="true" signature="setup()[pri:0, instance:com.qa.testcases.HomePageTest@1be2019a]" started-at="2023-07-31T19:19:39 IST" name="setup" finished-at="2023-07-31T19:20:11 IST" duration-ms="31628" status="PASS">
          <reporter-output>
          </reporter-output>
        </test-method> <!-- setup -->
        <test-method signature="VerifyHomepageTitleTest()[pri:1, instance:com.qa.testcases.HomePageTest@1be2019a]" started-at="2023-07-31T19:20:11 IST" name="VerifyHomepageTitleTest" finished-at="2023-07-31T19:20:11 IST" duration-ms="8" status="PASS">
          <reporter-output>
          </reporter-output>
        </test-method> <!-- VerifyHomepageTitleTest -->
        <test-method is-config="true" signature="tearDown()[pri:0, instance:com.qa.testcases.HomePageTest@1be2019a]" started-at="2023-07-31T19:20:11 IST" name="tearDown" finished-at="2023-07-31T19:20:12 IST" duration-ms="1343" status="PASS">
          <reporter-output>
          </reporter-output>
        </test-method> <!-- tearDown -->
        <test-method is-config="true" signature="setup()[pri:0, instance:com.qa.testcases.HomePageTest@1be2019a]" started-at="2023-07-31T19:20:12 IST" name="setup" finished-at="2023-07-31T19:20:40 IST" duration-ms="27700" status="PASS">
          <reporter-output>
          </reporter-output>
        </test-method> <!-- setup -->
        <test-method signature="UserNameLabelTest()[pri:2, instance:com.qa.testcases.HomePageTest@1be2019a]" started-at="2023-07-31T19:20:40 IST" name="UserNameLabelTest" finished-at="2023-07-31T19:20:42 IST" duration-ms="2313" status="PASS">
          <reporter-output>
          </reporter-output>
        </test-method> <!-- UserNameLabelTest -->
        <test-method is-config="true" signature="tearDown()[pri:0, instance:com.qa.testcases.HomePageTest@1be2019a]" started-at="2023-07-31T19:20:42 IST" name="tearDown" finished-at="2023-07-31T19:20:43 IST" duration-ms="695" status="PASS">
          <reporter-output>
          </reporter-output>
        </test-method> <!-- tearDown -->
        <test-method is-config="true" signature="setup()[pri:0, instance:com.qa.testcases.HomePageTest@1be2019a]" started-at="2023-07-31T19:20:43 IST" name="setup" finished-at="2023-07-31T19:21:09 IST" duration-ms="26412" status="PASS">
          <reporter-output>
          </reporter-output>
        </test-method> <!-- setup -->
        <test-method signature="verifycontactlinkTest()[pri:3, instance:com.qa.testcases.HomePageTest@1be2019a]" started-at="2023-07-31T19:21:09 IST" name="verifycontactlinkTest" finished-at="2023-07-31T19:21:12 IST" duration-ms="2610" status="PASS">
          <reporter-output>
          </reporter-output>
        </test-method> <!-- verifycontactlinkTest -->
        <test-method is-config="true" signature="tearDown()[pri:0, instance:com.qa.testcases.HomePageTest@1be2019a]" started-at="2023-07-31T19:21:12 IST" name="tearDown" finished-at="2023-07-31T19:21:13 IST" duration-ms="722" status="PASS">
          <reporter-output>
          </reporter-output>
        </test-method> <!-- tearDown -->
        <test-method is-config="true" signature="setup()[pri:0, instance:com.qa.testcases.HomePageTest@1be2019a]" started-at="2023-07-31T19:21:13 IST" name="setup" finished-at="2023-07-31T19:21:38 IST" duration-ms="25783" status="PASS">
          <reporter-output>
          </reporter-output>
        </test-method> <!-- setup -->
        <test-method signature="clickonDealsTest()[pri:4, instance:com.qa.testcases.HomePageTest@1be2019a]" started-at="2023-07-31T19:21:38 IST" name="clickonDealsTest" finished-at="2023-07-31T19:21:41 IST" duration-ms="2399" status="PASS">
          <reporter-output>
          </reporter-output>
        </test-method> <!-- clickonDealsTest -->
        <test-method is-config="true" signature="tearDown()[pri:0, instance:com.qa.testcases.HomePageTest@1be2019a]" started-at="2023-07-31T19:21:41 IST" name="tearDown" finished-at="2023-07-31T19:21:41 IST" duration-ms="617" status="PASS">
          <reporter-output>
          </reporter-output>
        </test-method> <!-- tearDown -->
      </class> <!-- com.qa.testcases.HomePageTest -->
      <class name="com.qa.testcases.CreateNewContactPageTest">
        <test-method is-config="true" signature="setup()[pri:0, instance:com.qa.testcases.CreateNewContactPageTest@58e1d9d]" started-at="2023-07-31T19:22:47 IST" name="setup" finished-at="2023-07-31T19:23:23 IST" duration-ms="36140" status="PASS">
          <reporter-output>
          </reporter-output>
        </test-method> <!-- setup -->
        <test-method signature="createNewContact()[pri:0, instance:com.qa.testcases.CreateNewContactPageTest@58e1d9d]" started-at="2023-07-31T19:23:23 IST" name="createNewContact" finished-at="2023-07-31T19:23:25 IST" duration-ms="1956" status="PASS">
          <reporter-output>
          </reporter-output>
        </test-method> <!-- createNewContact -->
        <test-method is-config="true" signature="tearDown()[pri:0, instance:com.qa.testcases.CreateNewContactPageTest@58e1d9d]" started-at="2023-07-31T19:23:25 IST" name="tearDown" finished-at="2023-07-31T19:23:26 IST" duration-ms="676" status="PASS">
          <reporter-output>
          </reporter-output>
        </test-method> <!-- tearDown -->
      </class> <!-- com.qa.testcases.CreateNewContactPageTest -->
      <class name="com.qa.testcases.ContactPageTest">
        <test-method is-config="true" signature="setup()[pri:0, instance:com.qa.testcases.ContactPageTest@29d80d2b]" started-at="2023-07-31T19:21:41 IST" name="setup" finished-at="2023-07-31T19:22:11 IST" duration-ms="29315" status="PASS">
          <reporter-output>
          </reporter-output>
        </test-method> <!-- setup -->
        <test-method signature="contactPagelabelTest()[pri:1, instance:com.qa.testcases.ContactPageTest@29d80d2b]" started-at="2023-07-31T19:22:11 IST" name="contactPagelabelTest" finished-at="2023-07-31T19:22:11 IST" duration-ms="214" status="PASS">
          <reporter-output>
          </reporter-output>
        </test-method> <!-- contactPagelabelTest -->
        <test-method is-config="true" signature="TearDown()[pri:0, instance:com.qa.testcases.ContactPageTest@29d80d2b]" started-at="2023-07-31T19:22:11 IST" name="TearDown" finished-at="2023-07-31T19:22:14 IST" duration-ms="2696" status="PASS">
          <reporter-output>
          </reporter-output>
        </test-method> <!-- TearDown -->
        <test-method is-config="true" signature="setup()[pri:0, instance:com.qa.testcases.ContactPageTest@29d80d2b]" started-at="2023-07-31T19:22:14 IST" name="setup" finished-at="2023-07-31T19:22:46 IST" duration-ms="32560" status="PASS">
          <reporter-output>
          </reporter-output>
        </test-method> <!-- setup -->
        <test-method signature="createNewContact()[pri:2, instance:com.qa.testcases.ContactPageTest@29d80d2b]" started-at="2023-07-31T19:22:46 IST" name="createNewContact" finished-at="2023-07-31T19:22:47 IST" duration-ms="470" status="PASS">
          <reporter-output>
          </reporter-output>
        </test-method> <!-- createNewContact -->
        <test-method is-config="true" signature="TearDown()[pri:0, instance:com.qa.testcases.ContactPageTest@29d80d2b]" started-at="2023-07-31T19:22:47 IST" name="TearDown" finished-at="2023-07-31T19:22:47 IST" duration-ms="497" status="PASS">
          <reporter-output>
          </reporter-output>
        </test-method> <!-- TearDown -->
      </class> <!-- com.qa.testcases.ContactPageTest -->
      <class name="com.qa.testcases.LoginPageTest">
        <test-method is-config="true" signature="setup()[pri:0, instance:com.qa.testcases.LoginPageTest@55cb6996]" started-at="2023-07-31T19:18:03 IST" name="setup" finished-at="2023-07-31T19:18:37 IST" duration-ms="33628" status="PASS">
          <reporter-output>
          </reporter-output>
        </test-method> <!-- setup -->
        <test-method signature="loginpageTitleTest()[pri:1, instance:com.qa.testcases.LoginPageTest@55cb6996]" started-at="2023-07-31T19:18:37 IST" name="loginpageTitleTest" finished-at="2023-07-31T19:18:45 IST" duration-ms="8072" status="PASS">
          <reporter-output>
          </reporter-output>
        </test-method> <!-- loginpageTitleTest -->
        <test-method is-config="true" signature="teadDown()[pri:0, instance:com.qa.testcases.LoginPageTest@55cb6996]" started-at="2023-07-31T19:18:45 IST" name="teadDown" finished-at="2023-07-31T19:18:46 IST" duration-ms="949" status="PASS">
          <reporter-output>
          </reporter-output>
        </test-method> <!-- teadDown -->
        <test-method is-config="true" signature="setup()[pri:0, instance:com.qa.testcases.LoginPageTest@55cb6996]" started-at="2023-07-31T19:18:46 IST" name="setup" finished-at="2023-07-31T19:19:09 IST" duration-ms="23113" status="PASS">
          <reporter-output>
          </reporter-output>
        </test-method> <!-- setup -->
        <test-method signature="crmimageLogoTest()[pri:2, instance:com.qa.testcases.LoginPageTest@55cb6996]" started-at="2023-07-31T19:19:09 IST" name="crmimageLogoTest" finished-at="2023-07-31T19:19:09 IST" duration-ms="79" status="PASS">
          <reporter-output>
          </reporter-output>
        </test-method> <!-- crmimageLogoTest -->
        <test-method is-config="true" signature="teadDown()[pri:0, instance:com.qa.testcases.LoginPageTest@55cb6996]" started-at="2023-07-31T19:19:09 IST" name="teadDown" finished-at="2023-07-31T19:19:10 IST" duration-ms="1147" status="PASS">
          <reporter-output>
          </reporter-output>
        </test-method> <!-- teadDown -->
        <test-method is-config="true" signature="setup()[pri:0, instance:com.qa.testcases.LoginPageTest@55cb6996]" started-at="2023-07-31T19:19:10 IST" name="setup" finished-at="2023-07-31T19:19:28 IST" duration-ms="17620" status="PASS">
          <reporter-output>
          </reporter-output>
        </test-method> <!-- setup -->
        <test-method signature="LoginTest()[pri:3, instance:com.qa.testcases.LoginPageTest@55cb6996]" started-at="2023-07-31T19:19:28 IST" name="LoginTest" finished-at="2023-07-31T19:19:38 IST" duration-ms="10369" status="PASS">
          <reporter-output>
          </reporter-output>
        </test-method> <!-- LoginTest -->
        <test-method is-config="true" signature="teadDown()[pri:0, instance:com.qa.testcases.LoginPageTest@55cb6996]" started-at="2023-07-31T19:19:38 IST" name="teadDown" finished-at="2023-07-31T19:19:39 IST" duration-ms="784" status="PASS">
          <reporter-output>
          </reporter-output>
        </test-method> <!-- teadDown -->
      </class> <!-- com.qa.testcases.LoginPageTest -->
    </test> <!-- CRMTest -->
  </suite> <!-- freeCRM -->
</testng-results>
