<?xml version="1.0" encoding="UTF-8"?>
<!-- Generated by org.testng.reporters.JUnitXMLReporter -->
<testsuite ignored="0" hostname="THAMU" failures="0" tests="10" name="FREECRM Test" time="377.938" errors="0" timestamp="2023-07-18T12:47:18 IST">
  <testcase classname="com.qa.testcases.LoginPageTest" name="loginpageTitleTest" time="31.489"/>
  <testcase classname="com.qa.testcases.LoginPageTest" name="crmimageLogoTest" time="0.409"/>
  <testcase classname="com.qa.testcases.LoginPageTest" name="LoginTest" time="15.84"/>
  <testcase classname="com.qa.testcases.HomePageTest" name="VerifyHomepageTitleTest" time="0.008"/>
  <testcase classname="com.qa.testcases.HomePageTest" name="UserNameLabelTest" time="2.815"/>
  <testcase classname="com.qa.testcases.HomePageTest" name="verifycontactlinkTest" time="3.014"/>
  <testcase classname="com.qa.testcases.HomePageTest" name="clickonDealsTest" time="2.643"/>
  <testcase classname="com.qa.testcases.ContactPageTest" name="contactPagelabelTest" time="0.26"/>
  <testcase classname="com.qa.testcases.ContactPageTest" name="createNewContact" time="0.61"/>
  <testcase classname="com.qa.testcases.CreateNewContactPageTest" name="createNewContact" time="3.148"/>
</testsuite> <!-- FREECRM Test -->
