<?xml version="1.0" encoding="UTF-8"?>
<!-- Generated by org.testng.reporters.JUnitXMLReporter -->
<testsuite ignored="0" hostname="THAMU" failures="0" tests="10" name="CRMTest" time="322.6" errors="0" timestamp="2023-07-31T19:23:26 IST">
  <testcase classname="com.qa.testcases.LoginPageTest" name="loginpageTitleTest" time="8.072"/>
  <testcase classname="com.qa.testcases.LoginPageTest" name="crmimageLogoTest" time="0.079"/>
  <testcase classname="com.qa.testcases.LoginPageTest" name="LoginTest" time="10.369"/>
  <testcase classname="com.qa.testcases.HomePageTest" name="VerifyHomepageTitleTest" time="0.008"/>
  <testcase classname="com.qa.testcases.HomePageTest" name="UserNameLabelTest" time="2.313"/>
  <testcase classname="com.qa.testcases.HomePageTest" name="verifycontactlinkTest" time="2.61"/>
  <testcase classname="com.qa.testcases.HomePageTest" name="clickonDealsTest" time="2.399"/>
  <testcase classname="com.qa.testcases.ContactPageTest" name="contactPagelabelTest" time="0.214"/>
  <testcase classname="com.qa.testcases.ContactPageTest" name="createNewContact" time="0.47"/>
  <testcase classname="com.qa.testcases.CreateNewContactPageTest" name="createNewContact" time="1.956"/>
</testsuite> <!-- CRMTest -->
